# JRE version: OpenJDK Runtime Environment (8.0_91-b14) (build 1.8.0_91-8u91-b14-0ubuntu4~16.04.1-b14)
# Java VM: OpenJDK 64-Bit Server VM (25.91-b14 mixed mode linux-amd64 compressed oops)
Heap:
 PSYoungGen      total 20992K, used 473K [0x00000000ebd00000, 0x00000000f9980000, 0x0000000100000000)
  eden space 20480K, 2% used [0x00000000ebd00000,0x00000000ebd666c0,0x00000000ed100000)
  from space 512K, 12% used [0x00000000f9900000,0x00000000f9910000,0x00000000f9980000)
  to   space 512K, 0% used [0x00000000f9880000,0x00000000f9880000,0x00000000f9900000)
 ParOldGen       total 89088K, used 51126K [0x00000000c3600000, 0x00000000c8d00000, 0x00000000ebd00000)
  object space 89088K, 57% used [0x00000000c3600000,0x00000000c67edb40,0x00000000c8d00000)
 Metaspace       used 13999K, capacity 14137K, committed 14336K, reserved 1062912K
  class space    used 1453K, capacity 1518K, committed 1536K, reserved 1048576K
GC Heap History (10 events):
Event: 1457.076 GC heap before
{Heap before GC invocations=3214 (full 2):
 PSYoungGen      total 20992K, used 20544K [0x00000000ebd00000, 0x00000000f9980000, 0x0000000100000000)
  eden space 20480K, 100% used [0x00000000ebd00000,0x00000000ed100000,0x00000000ed100000)
  from space 512K, 12% used [0x00000000f9880000,0x00000000f9890000,0x00000000f9900000)
  to   space 512K, 0% used [0x00000000f9900000,0x00000000f9900000,0x00000000f9980000)
 ParOldGen       total 89088K, used 51126K [0x00000000c3600000, 0x00000000c8d00000, 0x00000000ebd00000)
  object space 89088K, 57% used [0x00000000c3600000,0x00000000c67edb40,0x00000000c8d00000)
 Metaspace       used 13999K, capacity 14137K, committed 14336K, reserved 1062912K
  class space    used 1453K, capacity 1518K, committed 1536K, reserved 1048576K
Event: 1457.078 GC heap after
Heap after GC invocations=3214 (full 2):
 PSYoungGen      total 20992K, used 96K [0x00000000ebd00000, 0x00000000f9980000, 0x0000000100000000)
  eden space 20480K, 0% used [0x00000000ebd00000,0x00000000ebd00000,0x00000000ed100000)
  from space 512K, 18% used [0x00000000f9900000,0x00000000f9918000,0x00000000f9980000)
  to   space 512K, 0% used [0x00000000f9880000,0x00000000f9880000,0x00000000f9900000)
 ParOldGen       total 89088K, used 51126K [0x00000000c3600000, 0x00000000c8d00000, 0x00000000ebd00000)
  object space 89088K, 57% used [0x00000000c3600000,0x00000000c67edb40,0x00000000c8d00000)
 Metaspace       used 13999K, capacity 14137K, committed 14336K, reserved 1062912K
  class space    used 1453K, capacity 1518K, committed 1536K, reserved 1048576K
}
Event: 1457.539 GC heap before
{Heap before GC invocations=3215 (full 2):
 PSYoungGen      total 20992K, used 20576K [0x00000000ebd00000, 0x00000000f9980000, 0x0000000100000000)
  eden space 20480K, 100% used [0x00000000ebd00000,0x00000000ed100000,0x00000000ed100000)
  from space 512K, 18% used [0x00000000f9900000,0x00000000f9918000,0x00000000f9980000)
  to   space 512K, 0% used [0x00000000f9880000,0x00000000f9880000,0x00000000f9900000)
 ParOldGen       total 89088K, used 51126K [0x00000000c3600000, 0x00000000c8d00000, 0x00000000ebd00000)
  object space 89088K, 57% used [0x00000000c3600000,0x00000000c67edb40,0x00000000c8d00000)
 Metaspace       used 13999K, capacity 14137K, committed 14336K, reserved 1062912K
  class space    used 1453K, capacity 1518K, committed 1536K, reserved 1048576K
Event: 1457.541 GC heap after
Heap after GC invocations=3215 (full 2):
 PSYoungGen      total 20992K, used 64K [0x00000000ebd00000, 0x00000000f9980000, 0x0000000100000000)
  eden space 20480K, 0% used [0x00000000ebd00000,0x00000000ebd00000,0x00000000ed100000)
  from space 512K, 12% used [0x00000000f9880000,0x00000000f9890000,0x00000000f9900000)
  to   space 512K, 0% used [0x00000000f9900000,0x00000000f9900000,0x00000000f9980000)
 ParOldGen       total 89088K, used 51126K [0x00000000c3600000, 0x00000000c8d00000, 0x00000000ebd00000)
  object space 89088K, 57% used [0x00000000c3600000,0x00000000c67edb40,0x00000000c8d00000)
 Metaspace       used 13999K, capacity 14137K, committed 14336K, reserved 1062912K
  class space    used 1453K, capacity 1518K, committed 1536K, reserved 1048576K
}
Event: 1458.563 GC heap before
{Heap before GC invocations=3216 (full 2):
 PSYoungGen      total 20992K, used 20544K [0x00000000ebd00000, 0x00000000f9980000, 0x0000000100000000)
  eden space 20480K, 100% used [0x00000000ebd00000,0x00000000ed100000,0x00000000ed100000)
  from space 512K, 12% used [0x00000000f9880000,0x00000000f9890000,0x00000000f9900000)
  to   space 512K, 0% used [0x00000000f9900000,0x00000000f9900000,0x00000000f9980000)
 ParOldGen       total 89088K, used 51126K [0x00000000c3600000, 0x00000000c8d00000, 0x00000000ebd00000)
  object space 89088K, 57% used [0x00000000c3600000,0x00000000c67edb40,0x00000000c8d00000)
 Metaspace       used 13999K, capacity 14137K, committed 14336K, reserved 1062912K
  class space    used 1453K, capacity 1518K, committed 1536K, reserved 1048576K
Event: 1458.566 GC heap after
Heap after GC invocations=3216 (full 2):
 PSYoungGen      total 20992K, used 96K [0x00000000ebd00000, 0x00000000f9980000, 0x0000000100000000)
  eden space 20480K, 0% used [0x00000000ebd00000,0x00000000ebd00000,0x00000000ed100000)
  from space 512K, 18% used [0x00000000f9900000,0x00000000f9918000,0x00000000f9980000)
  to   space 512K, 0% used [0x00000000f9880000,0x00000000f9880000,0x00000000f9900000)
 ParOldGen       total 89088K, used 51126K [0x00000000c3600000, 0x00000000c8d00000, 0x00000000ebd00000)
  object space 89088K, 57% used [0x00000000c3600000,0x00000000c67edb40,0x00000000c8d00000)
 Metaspace       used 13999K, capacity 14137K, committed 14336K, reserved 1062912K
  class space    used 1453K, capacity 1518K, committed 1536K, reserved 1048576K
}
Event: 1459.378 GC heap before
{Heap before GC invocations=3217 (full 2):
 PSYoungGen      total 20992K, used 20576K [0x00000000ebd00000, 0x00000000f9980000, 0x0000000100000000)
  eden space 20480K, 100% used [0x00000000ebd00000,0x00000000ed100000,0x00000000ed100000)
  from space 512K, 18% used [0x00000000f9900000,0x00000000f9918000,0x00000000f9980000)
  to   space 512K, 0% used [0x00000000f9880000,0x00000000f9880000,0x00000000f9900000)
 ParOldGen       total 89088K, used 51126K [0x00000000c3600000, 0x00000000c8d00000, 0x00000000ebd00000)
  object space 89088K, 57% used [0x00000000c3600000,0x00000000c67edb40,0x00000000c8d00000)
 Metaspace       used 13999K, capacity 14137K, committed 14336K, reserved 1062912K
  class space    used 1453K, capacity 1518K, committed 1536K, reserved 1048576K
Event: 1459.381 GC heap after
Heap after GC invocations=3217 (full 2):
 PSYoungGen      total 20992K, used 96K [0x00000000ebd00000, 0x00000000f9980000, 0x0000000100000000)
  eden space 20480K, 0% used [0x00000000ebd00000,0x00000000ebd00000,0x00000000ed100000)
  from space 512K, 18% used [0x00000000f9880000,0x00000000f9898000,0x00000000f9900000)
  to   space 512K, 0% used [0x00000000f9900000,0x00000000f9900000,0x00000000f9980000)
 ParOldGen       total 89088K, used 51126K [0x00000000c3600000, 0x00000000c8d00000, 0x00000000ebd00000)
  object space 89088K, 57% used [0x00000000c3600000,0x00000000c67edb40,0x00000000c8d00000)
 Metaspace       used 13999K, capacity 14137K, committed 14336K, reserved 1062912K
  class space    used 1453K, capacity 1518K, committed 1536K, reserved 1048576K
}
Event: 1460.196 GC heap before
{Heap before GC invocations=3218 (full 2):
 PSYoungGen      total 20992K, used 20576K [0x00000000ebd00000, 0x00000000f9980000, 0x0000000100000000)
  eden space 20480K, 100% used [0x00000000ebd00000,0x00000000ed100000,0x00000000ed100000)
  from space 512K, 18% used [0x00000000f9880000,0x00000000f9898000,0x00000000f9900000)
  to   space 512K, 0% used [0x00000000f9900000,0x00000000f9900000,0x00000000f9980000)
 ParOldGen       total 89088K, used 51126K [0x00000000c3600000, 0x00000000c8d00000, 0x00000000ebd00000)
  object space 89088K, 57% used [0x00000000c3600000,0x00000000c67edb40,0x00000000c8d00000)
 Metaspace       used 13999K, capacity 14137K, committed 14336K, reserved 1062912K
  class space    used 1453K, capacity 1518K, committed 1536K, reserved 1048576K
Event: 1460.199 GC heap after
Heap after GC invocations=3218 (full 2):
 PSYoungGen      total 20992K, used 64K [0x00000000ebd00000, 0x00000000f9980000, 0x0000000100000000)
  eden space 20480K, 0% used [0x00000000ebd00000,0x00000000ebd00000,0x00000000ed100000)
  from space 512K, 12% used [0x00000000f9900000,0x00000000f9910000,0x00000000f9980000)
  to   space 512K, 0% used [0x00000000f9880000,0x00000000f9880000,0x00000000f9900000)
 ParOldGen       total 89088K, used 51126K [0x00000000c3600000, 0x00000000c8d00000, 0x00000000ebd00000)
  object space 89088K, 57% used [0x00000000c3600000,0x00000000c67edb40,0x00000000c8d00000)
 Metaspace       used 13999K, capacity 14137K, committed 14336K, reserved 1062912K
  class space    used 1453K, capacity 1518K, committed 1536K, reserved 1048576K
}

