# JRE version: OpenJDK Runtime Environment (8.0_91-b14) (build 1.8.0_91-8u91-b14-0ubuntu4~16.04.1-b14)
# Java VM: OpenJDK 64-Bit Server VM (25.91-b14 mixed mode linux-amd64 compressed oops)
Heap:
 PSYoungGen      total 20480K, used 527K [0x00000000ebd00000, 0x00000000f8d80000, 0x0000000100000000)
  eden space 19968K, 2% used [0x00000000ebd00000,0x00000000ebd63dc8,0x00000000ed080000)
  from space 512K, 25% used [0x00000000f8d00000,0x00000000f8d20000,0x00000000f8d80000)
  to   space 512K, 0% used [0x00000000f8c80000,0x00000000f8c80000,0x00000000f8d00000)
 ParOldGen       total 88064K, used 51521K [0x00000000c3600000, 0x00000000c8c00000, 0x00000000ebd00000)
  object space 88064K, 58% used [0x00000000c3600000,0x00000000c6850620,0x00000000c8c00000)
 Metaspace       used 14024K, capacity 14201K, committed 14336K, reserved 1062912K
  class space    used 1453K, capacity 1518K, committed 1536K, reserved 1048576K
GC Heap History (10 events):
Event: 1840.698 GC heap before
{Heap before GC invocations=2998 (full 2):
 PSYoungGen      total 20480K, used 20096K [0x00000000ebd00000, 0x00000000f8d80000, 0x0000000100000000)
  eden space 19968K, 100% used [0x00000000ebd00000,0x00000000ed080000,0x00000000ed080000)
  from space 512K, 25% used [0x00000000f8c80000,0x00000000f8ca0000,0x00000000f8d00000)
  to   space 512K, 0% used [0x00000000f8d00000,0x00000000f8d00000,0x00000000f8d80000)
 ParOldGen       total 88064K, used 51521K [0x00000000c3600000, 0x00000000c8c00000, 0x00000000ebd00000)
  object space 88064K, 58% used [0x00000000c3600000,0x00000000c6850620,0x00000000c8c00000)
 Metaspace       used 14024K, capacity 14201K, committed 14336K, reserved 1062912K
  class space    used 1453K, capacity 1518K, committed 1536K, reserved 1048576K
Event: 1840.700 GC heap after
Heap after GC invocations=2998 (full 2):
 PSYoungGen      total 20480K, used 96K [0x00000000ebd00000, 0x00000000f8d80000, 0x0000000100000000)
  eden space 19968K, 0% used [0x00000000ebd00000,0x00000000ebd00000,0x00000000ed080000)
  from space 512K, 18% used [0x00000000f8d00000,0x00000000f8d18000,0x00000000f8d80000)
  to   space 512K, 0% used [0x00000000f8c80000,0x00000000f8c80000,0x00000000f8d00000)
 ParOldGen       total 88064K, used 51521K [0x00000000c3600000, 0x00000000c8c00000, 0x00000000ebd00000)
  object space 88064K, 58% used [0x00000000c3600000,0x00000000c6850620,0x00000000c8c00000)
 Metaspace       used 14024K, capacity 14201K, committed 14336K, reserved 1062912K
  class space    used 1453K, capacity 1518K, committed 1536K, reserved 1048576K
}
Event: 1841.941 GC heap before
{Heap before GC invocations=2999 (full 2):
 PSYoungGen      total 20480K, used 20064K [0x00000000ebd00000, 0x00000000f8d80000, 0x0000000100000000)
  eden space 19968K, 100% used [0x00000000ebd00000,0x00000000ed080000,0x00000000ed080000)
  from space 512K, 18% used [0x00000000f8d00000,0x00000000f8d18000,0x00000000f8d80000)
  to   space 512K, 0% used [0x00000000f8c80000,0x00000000f8c80000,0x00000000f8d00000)
 ParOldGen       total 88064K, used 51521K [0x00000000c3600000, 0x00000000c8c00000, 0x00000000ebd00000)
  object space 88064K, 58% used [0x00000000c3600000,0x00000000c6850620,0x00000000c8c00000)
 Metaspace       used 14024K, capacity 14201K, committed 14336K, reserved 1062912K
  class space    used 1453K, capacity 1518K, committed 1536K, reserved 1048576K
Event: 1841.943 GC heap after
Heap after GC invocations=2999 (full 2):
 PSYoungGen      total 20480K, used 128K [0x00000000ebd00000, 0x00000000f8d80000, 0x0000000100000000)
  eden space 19968K, 0% used [0x00000000ebd00000,0x00000000ebd00000,0x00000000ed080000)
  from space 512K, 25% used [0x00000000f8c80000,0x00000000f8ca0000,0x00000000f8d00000)
  to   space 512K, 0% used [0x00000000f8d00000,0x00000000f8d00000,0x00000000f8d80000)
 ParOldGen       total 88064K, used 51521K [0x00000000c3600000, 0x00000000c8c00000, 0x00000000ebd00000)
  object space 88064K, 58% used [0x00000000c3600000,0x00000000c6850620,0x00000000c8c00000)
 Metaspace       used 14024K, capacity 14201K, committed 14336K, reserved 1062912K
  class space    used 1453K, capacity 1518K, committed 1536K, reserved 1048576K
}
Event: 1842.895 GC heap before
{Heap before GC invocations=3000 (full 2):
 PSYoungGen      total 20480K, used 20096K [0x00000000ebd00000, 0x00000000f8d80000, 0x0000000100000000)
  eden space 19968K, 100% used [0x00000000ebd00000,0x00000000ed080000,0x00000000ed080000)
  from space 512K, 25% used [0x00000000f8c80000,0x00000000f8ca0000,0x00000000f8d00000)
  to   space 512K, 0% used [0x00000000f8d00000,0x00000000f8d00000,0x00000000f8d80000)
 ParOldGen       total 88064K, used 51521K [0x00000000c3600000, 0x00000000c8c00000, 0x00000000ebd00000)
  object space 88064K, 58% used [0x00000000c3600000,0x00000000c6850620,0x00000000c8c00000)
 Metaspace       used 14024K, capacity 14201K, committed 14336K, reserved 1062912K
  class space    used 1453K, capacity 1518K, committed 1536K, reserved 1048576K
Event: 1842.897 GC heap after
Heap after GC invocations=3000 (full 2):
 PSYoungGen      total 20480K, used 96K [0x00000000ebd00000, 0x00000000f8d80000, 0x0000000100000000)
  eden space 19968K, 0% used [0x00000000ebd00000,0x00000000ebd00000,0x00000000ed080000)
  from space 512K, 18% used [0x00000000f8d00000,0x00000000f8d18000,0x00000000f8d80000)
  to   space 512K, 0% used [0x00000000f8c80000,0x00000000f8c80000,0x00000000f8d00000)
 ParOldGen       total 88064K, used 51521K [0x00000000c3600000, 0x00000000c8c00000, 0x00000000ebd00000)
  object space 88064K, 58% used [0x00000000c3600000,0x00000000c6850620,0x00000000c8c00000)
 Metaspace       used 14024K, capacity 14201K, committed 14336K, reserved 1062912K
  class space    used 1453K, capacity 1518K, committed 1536K, reserved 1048576K
}
Event: 1843.946 GC heap before
{Heap before GC invocations=3001 (full 2):
 PSYoungGen      total 20480K, used 20064K [0x00000000ebd00000, 0x00000000f8d80000, 0x0000000100000000)
  eden space 19968K, 100% used [0x00000000ebd00000,0x00000000ed080000,0x00000000ed080000)
  from space 512K, 18% used [0x00000000f8d00000,0x00000000f8d18000,0x00000000f8d80000)
  to   space 512K, 0% used [0x00000000f8c80000,0x00000000f8c80000,0x00000000f8d00000)
 ParOldGen       total 88064K, used 51521K [0x00000000c3600000, 0x00000000c8c00000, 0x00000000ebd00000)
  object space 88064K, 58% used [0x00000000c3600000,0x00000000c6850620,0x00000000c8c00000)
 Metaspace       used 14024K, capacity 14201K, committed 14336K, reserved 1062912K
  class space    used 1453K, capacity 1518K, committed 1536K, reserved 1048576K
Event: 1843.948 GC heap after
Heap after GC invocations=3001 (full 2):
 PSYoungGen      total 20480K, used 128K [0x00000000ebd00000, 0x00000000f8d80000, 0x0000000100000000)
  eden space 19968K, 0% used [0x00000000ebd00000,0x00000000ebd00000,0x00000000ed080000)
  from space 512K, 25% used [0x00000000f8c80000,0x00000000f8ca0000,0x00000000f8d00000)
  to   space 512K, 0% used [0x00000000f8d00000,0x00000000f8d00000,0x00000000f8d80000)
 ParOldGen       total 88064K, used 51521K [0x00000000c3600000, 0x00000000c8c00000, 0x00000000ebd00000)
  object space 88064K, 58% used [0x00000000c3600000,0x00000000c6850620,0x00000000c8c00000)
 Metaspace       used 14024K, capacity 14201K, committed 14336K, reserved 1062912K
  class space    used 1453K, capacity 1518K, committed 1536K, reserved 1048576K
}
Event: 1845.166 GC heap before
{Heap before GC invocations=3002 (full 2):
 PSYoungGen      total 20480K, used 20096K [0x00000000ebd00000, 0x00000000f8d80000, 0x0000000100000000)
  eden space 19968K, 100% used [0x00000000ebd00000,0x00000000ed080000,0x00000000ed080000)
  from space 512K, 25% used [0x00000000f8c80000,0x00000000f8ca0000,0x00000000f8d00000)
  to   space 512K, 0% used [0x00000000f8d00000,0x00000000f8d00000,0x00000000f8d80000)
 ParOldGen       total 88064K, used 51521K [0x00000000c3600000, 0x00000000c8c00000, 0x00000000ebd00000)
  object space 88064K, 58% used [0x00000000c3600000,0x00000000c6850620,0x00000000c8c00000)
 Metaspace       used 14024K, capacity 14201K, committed 14336K, reserved 1062912K
  class space    used 1453K, capacity 1518K, committed 1536K, reserved 1048576K
Event: 1845.168 GC heap after
Heap after GC invocations=3002 (full 2):
 PSYoungGen      total 20480K, used 128K [0x00000000ebd00000, 0x00000000f8d80000, 0x0000000100000000)
  eden space 19968K, 0% used [0x00000000ebd00000,0x00000000ebd00000,0x00000000ed080000)
  from space 512K, 25% used [0x00000000f8d00000,0x00000000f8d20000,0x00000000f8d80000)
  to   space 512K, 0% used [0x00000000f8c80000,0x00000000f8c80000,0x00000000f8d00000)
 ParOldGen       total 88064K, used 51521K [0x00000000c3600000, 0x00000000c8c00000, 0x00000000ebd00000)
  object space 88064K, 58% used [0x00000000c3600000,0x00000000c6850620,0x00000000c8c00000)
 Metaspace       used 14024K, capacity 14201K, committed 14336K, reserved 1062912K
  class space    used 1453K, capacity 1518K, committed 1536K, reserved 1048576K
}

