# JRE version: OpenJDK Runtime Environment (8.0_91-b14) (build 1.8.0_91-8u91-b14-0ubuntu4~16.04.1-b14)
# Java VM: OpenJDK 64-Bit Server VM (25.91-b14 mixed mode linux-amd64 compressed oops)
Heap:
 PSYoungGen      total 19456K, used 474K [0x00000000ebd00000, 0x00000000f9e80000, 0x0000000100000000)
  eden space 18944K, 2% used [0x00000000ebd00000,0x00000000ebd5eba8,0x00000000ecf80000)
  from space 512K, 18% used [0x00000000f9d80000,0x00000000f9d98000,0x00000000f9e00000)
  to   space 512K, 0% used [0x00000000f9e00000,0x00000000f9e00000,0x00000000f9e80000)
 ParOldGen       total 89600K, used 50696K [0x00000000c3600000, 0x00000000c8d80000, 0x00000000ebd00000)
  object space 89600K, 56% used [0x00000000c3600000,0x00000000c6782350,0x00000000c8d80000)
 Metaspace       used 13996K, capacity 14137K, committed 14336K, reserved 1062912K
  class space    used 1453K, capacity 1518K, committed 1536K, reserved 1048576K
GC Heap History (10 events):
Event: 494.202 GC heap before
{Heap before GC invocations=690 (full 1):
 PSYoungGen      total 19456K, used 19040K [0x00000000ebd00000, 0x00000000f9e80000, 0x0000000100000000)
  eden space 18944K, 100% used [0x00000000ebd00000,0x00000000ecf80000,0x00000000ecf80000)
  from space 512K, 18% used [0x00000000f9e00000,0x00000000f9e18000,0x00000000f9e80000)
  to   space 512K, 0% used [0x00000000f9d80000,0x00000000f9d80000,0x00000000f9e00000)
 ParOldGen       total 89600K, used 50696K [0x00000000c3600000, 0x00000000c8d80000, 0x00000000ebd00000)
  object space 89600K, 56% used [0x00000000c3600000,0x00000000c6782350,0x00000000c8d80000)
 Metaspace       used 13996K, capacity 14137K, committed 14336K, reserved 1062912K
  class space    used 1453K, capacity 1518K, committed 1536K, reserved 1048576K
Event: 494.204 GC heap after
Heap after GC invocations=690 (full 1):
 PSYoungGen      total 19456K, used 96K [0x00000000ebd00000, 0x00000000f9e80000, 0x0000000100000000)
  eden space 18944K, 0% used [0x00000000ebd00000,0x00000000ebd00000,0x00000000ecf80000)
  from space 512K, 18% used [0x00000000f9d80000,0x00000000f9d98000,0x00000000f9e00000)
  to   space 512K, 0% used [0x00000000f9e00000,0x00000000f9e00000,0x00000000f9e80000)
 ParOldGen       total 89600K, used 50696K [0x00000000c3600000, 0x00000000c8d80000, 0x00000000ebd00000)
  object space 89600K, 56% used [0x00000000c3600000,0x00000000c6782350,0x00000000c8d80000)
 Metaspace       used 13996K, capacity 14137K, committed 14336K, reserved 1062912K
  class space    used 1453K, capacity 1518K, committed 1536K, reserved 1048576K
}
Event: 494.926 GC heap before
{Heap before GC invocations=691 (full 1):
 PSYoungGen      total 19456K, used 19040K [0x00000000ebd00000, 0x00000000f9e80000, 0x0000000100000000)
  eden space 18944K, 100% used [0x00000000ebd00000,0x00000000ecf80000,0x00000000ecf80000)
  from space 512K, 18% used [0x00000000f9d80000,0x00000000f9d98000,0x00000000f9e00000)
  to   space 512K, 0% used [0x00000000f9e00000,0x00000000f9e00000,0x00000000f9e80000)
 ParOldGen       total 89600K, used 50696K [0x00000000c3600000, 0x00000000c8d80000, 0x00000000ebd00000)
  object space 89600K, 56% used [0x00000000c3600000,0x00000000c6782350,0x00000000c8d80000)
 Metaspace       used 13996K, capacity 14137K, committed 14336K, reserved 1062912K
  class space    used 1453K, capacity 1518K, committed 1536K, reserved 1048576K
Event: 494.928 GC heap after
Heap after GC invocations=691 (full 1):
 PSYoungGen      total 19456K, used 96K [0x00000000ebd00000, 0x00000000f9e80000, 0x0000000100000000)
  eden space 18944K, 0% used [0x00000000ebd00000,0x00000000ebd00000,0x00000000ecf80000)
  from space 512K, 18% used [0x00000000f9e00000,0x00000000f9e18000,0x00000000f9e80000)
  to   space 512K, 0% used [0x00000000f9d80000,0x00000000f9d80000,0x00000000f9e00000)
 ParOldGen       total 89600K, used 50696K [0x00000000c3600000, 0x00000000c8d80000, 0x00000000ebd00000)
  object space 89600K, 56% used [0x00000000c3600000,0x00000000c6782350,0x00000000c8d80000)
 Metaspace       used 13996K, capacity 14137K, committed 14336K, reserved 1062912K
  class space    used 1453K, capacity 1518K, committed 1536K, reserved 1048576K
}
Event: 495.672 GC heap before
{Heap before GC invocations=692 (full 1):
 PSYoungGen      total 19456K, used 19040K [0x00000000ebd00000, 0x00000000f9e80000, 0x0000000100000000)
  eden space 18944K, 100% used [0x00000000ebd00000,0x00000000ecf80000,0x00000000ecf80000)
  from space 512K, 18% used [0x00000000f9e00000,0x00000000f9e18000,0x00000000f9e80000)
  to   space 512K, 0% used [0x00000000f9d80000,0x00000000f9d80000,0x00000000f9e00000)
 ParOldGen       total 89600K, used 50696K [0x00000000c3600000, 0x00000000c8d80000, 0x00000000ebd00000)
  object space 89600K, 56% used [0x00000000c3600000,0x00000000c6782350,0x00000000c8d80000)
 Metaspace       used 13996K, capacity 14137K, committed 14336K, reserved 1062912K
  class space    used 1453K, capacity 1518K, committed 1536K, reserved 1048576K
Event: 495.673 GC heap after
Heap after GC invocations=692 (full 1):
 PSYoungGen      total 19456K, used 96K [0x00000000ebd00000, 0x00000000f9e80000, 0x0000000100000000)
  eden space 18944K, 0% used [0x00000000ebd00000,0x00000000ebd00000,0x00000000ecf80000)
  from space 512K, 18% used [0x00000000f9d80000,0x00000000f9d98000,0x00000000f9e00000)
  to   space 512K, 0% used [0x00000000f9e00000,0x00000000f9e00000,0x00000000f9e80000)
 ParOldGen       total 89600K, used 50696K [0x00000000c3600000, 0x00000000c8d80000, 0x00000000ebd00000)
  object space 89600K, 56% used [0x00000000c3600000,0x00000000c6782350,0x00000000c8d80000)
 Metaspace       used 13996K, capacity 14137K, committed 14336K, reserved 1062912K
  class space    used 1453K, capacity 1518K, committed 1536K, reserved 1048576K
}
Event: 496.383 GC heap before
{Heap before GC invocations=693 (full 1):
 PSYoungGen      total 19456K, used 19040K [0x00000000ebd00000, 0x00000000f9e80000, 0x0000000100000000)
  eden space 18944K, 100% used [0x00000000ebd00000,0x00000000ecf80000,0x00000000ecf80000)
  from space 512K, 18% used [0x00000000f9d80000,0x00000000f9d98000,0x00000000f9e00000)
  to   space 512K, 0% used [0x00000000f9e00000,0x00000000f9e00000,0x00000000f9e80000)
 ParOldGen       total 89600K, used 50696K [0x00000000c3600000, 0x00000000c8d80000, 0x00000000ebd00000)
  object space 89600K, 56% used [0x00000000c3600000,0x00000000c6782350,0x00000000c8d80000)
 Metaspace       used 13996K, capacity 14137K, committed 14336K, reserved 1062912K
  class space    used 1453K, capacity 1518K, committed 1536K, reserved 1048576K
Event: 496.385 GC heap after
Heap after GC invocations=693 (full 1):
 PSYoungGen      total 19456K, used 128K [0x00000000ebd00000, 0x00000000f9e80000, 0x0000000100000000)
  eden space 18944K, 0% used [0x00000000ebd00000,0x00000000ebd00000,0x00000000ecf80000)
  from space 512K, 25% used [0x00000000f9e00000,0x00000000f9e20000,0x00000000f9e80000)
  to   space 512K, 0% used [0x00000000f9d80000,0x00000000f9d80000,0x00000000f9e00000)
 ParOldGen       total 89600K, used 50696K [0x00000000c3600000, 0x00000000c8d80000, 0x00000000ebd00000)
  object space 89600K, 56% used [0x00000000c3600000,0x00000000c6782350,0x00000000c8d80000)
 Metaspace       used 13996K, capacity 14137K, committed 14336K, reserved 1062912K
  class space    used 1453K, capacity 1518K, committed 1536K, reserved 1048576K
}
Event: 497.118 GC heap before
{Heap before GC invocations=694 (full 1):
 PSYoungGen      total 19456K, used 19072K [0x00000000ebd00000, 0x00000000f9e80000, 0x0000000100000000)
  eden space 18944K, 100% used [0x00000000ebd00000,0x00000000ecf80000,0x00000000ecf80000)
  from space 512K, 25% used [0x00000000f9e00000,0x00000000f9e20000,0x00000000f9e80000)
  to   space 512K, 0% used [0x00000000f9d80000,0x00000000f9d80000,0x00000000f9e00000)
 ParOldGen       total 89600K, used 50696K [0x00000000c3600000, 0x00000000c8d80000, 0x00000000ebd00000)
  object space 89600K, 56% used [0x00000000c3600000,0x00000000c6782350,0x00000000c8d80000)
 Metaspace       used 13996K, capacity 14137K, committed 14336K, reserved 1062912K
  class space    used 1453K, capacity 1518K, committed 1536K, reserved 1048576K
Event: 497.120 GC heap after
Heap after GC invocations=694 (full 1):
 PSYoungGen      total 19456K, used 96K [0x00000000ebd00000, 0x00000000f9e80000, 0x0000000100000000)
  eden space 18944K, 0% used [0x00000000ebd00000,0x00000000ebd00000,0x00000000ecf80000)
  from space 512K, 18% used [0x00000000f9d80000,0x00000000f9d98000,0x00000000f9e00000)
  to   space 512K, 0% used [0x00000000f9e00000,0x00000000f9e00000,0x00000000f9e80000)
 ParOldGen       total 89600K, used 50696K [0x00000000c3600000, 0x00000000c8d80000, 0x00000000ebd00000)
  object space 89600K, 56% used [0x00000000c3600000,0x00000000c6782350,0x00000000c8d80000)
 Metaspace       used 13996K, capacity 14137K, committed 14336K, reserved 1062912K
  class space    used 1453K, capacity 1518K, committed 1536K, reserved 1048576K
}

