# JRE version: OpenJDK Runtime Environment (8.0_91-b14) (build 1.8.0_91-8u91-b14-0ubuntu4~16.04.1-b14)
# Java VM: OpenJDK 64-Bit Server VM (25.91-b14 mixed mode linux-amd64 compressed oops)
Heap:
 PSYoungGen      total 19968K, used 453K [0x00000000ebd00000, 0x00000000f7e80000, 0x0000000100000000)
  eden space 19456K, 2% used [0x00000000ebd00000,0x00000000ebd614d0,0x00000000ed000000)
  from space 512K, 12% used [0x00000000f7e00000,0x00000000f7e10000,0x00000000f7e80000)
  to   space 512K, 0% used [0x00000000f7d80000,0x00000000f7d80000,0x00000000f7e00000)
 ParOldGen       total 90624K, used 50899K [0x00000000c3600000, 0x00000000c8e80000, 0x00000000ebd00000)
  object space 90624K, 56% used [0x00000000c3600000,0x00000000c67b4fa0,0x00000000c8e80000)
 Metaspace       used 13999K, capacity 14201K, committed 14336K, reserved 1062912K
  class space    used 1452K, capacity 1518K, committed 1536K, reserved 1048576K
GC Heap History (10 events):
Event: 362.815 GC heap before
{Heap before GC invocations=555 (full 1):
 PSYoungGen      total 19968K, used 19616K [0x00000000ebd00000, 0x00000000f7e80000, 0x0000000100000000)
  eden space 19456K, 100% used [0x00000000ebd00000,0x00000000ed000000,0x00000000ed000000)
  from space 512K, 31% used [0x00000000f7d80000,0x00000000f7da8000,0x00000000f7e00000)
  to   space 512K, 0% used [0x00000000f7e00000,0x00000000f7e00000,0x00000000f7e80000)
 ParOldGen       total 90624K, used 50891K [0x00000000c3600000, 0x00000000c8e80000, 0x00000000ebd00000)
  object space 90624K, 56% used [0x00000000c3600000,0x00000000c67b2fa0,0x00000000c8e80000)
 Metaspace       used 13999K, capacity 14201K, committed 14336K, reserved 1062912K
  class space    used 1452K, capacity 1518K, committed 1536K, reserved 1048576K
Event: 362.817 GC heap after
Heap after GC invocations=555 (full 1):
 PSYoungGen      total 19968K, used 64K [0x00000000ebd00000, 0x00000000f7e80000, 0x0000000100000000)
  eden space 19456K, 0% used [0x00000000ebd00000,0x00000000ebd00000,0x00000000ed000000)
  from space 512K, 12% used [0x00000000f7e00000,0x00000000f7e10000,0x00000000f7e80000)
  to   space 512K, 0% used [0x00000000f7d80000,0x00000000f7d80000,0x00000000f7e00000)
 ParOldGen       total 90624K, used 50899K [0x00000000c3600000, 0x00000000c8e80000, 0x00000000ebd00000)
  object space 90624K, 56% used [0x00000000c3600000,0x00000000c67b4fa0,0x00000000c8e80000)
 Metaspace       used 13999K, capacity 14201K, committed 14336K, reserved 1062912K
  class space    used 1452K, capacity 1518K, committed 1536K, reserved 1048576K
}
Event: 363.309 GC heap before
{Heap before GC invocations=556 (full 1):
 PSYoungGen      total 19968K, used 19520K [0x00000000ebd00000, 0x00000000f7e80000, 0x0000000100000000)
  eden space 19456K, 100% used [0x00000000ebd00000,0x00000000ed000000,0x00000000ed000000)
  from space 512K, 12% used [0x00000000f7e00000,0x00000000f7e10000,0x00000000f7e80000)
  to   space 512K, 0% used [0x00000000f7d80000,0x00000000f7d80000,0x00000000f7e00000)
 ParOldGen       total 90624K, used 50899K [0x00000000c3600000, 0x00000000c8e80000, 0x00000000ebd00000)
  object space 90624K, 56% used [0x00000000c3600000,0x00000000c67b4fa0,0x00000000c8e80000)
 Metaspace       used 13999K, capacity 14201K, committed 14336K, reserved 1062912K
  class space    used 1452K, capacity 1518K, committed 1536K, reserved 1048576K
Event: 363.309 GC heap after
Heap after GC invocations=556 (full 1):
 PSYoungGen      total 19968K, used 128K [0x00000000ebd00000, 0x00000000f7e80000, 0x0000000100000000)
  eden space 19456K, 0% used [0x00000000ebd00000,0x00000000ebd00000,0x00000000ed000000)
  from space 512K, 25% used [0x00000000f7d80000,0x00000000f7da0000,0x00000000f7e00000)
  to   space 512K, 0% used [0x00000000f7e00000,0x00000000f7e00000,0x00000000f7e80000)
 ParOldGen       total 90624K, used 50899K [0x00000000c3600000, 0x00000000c8e80000, 0x00000000ebd00000)
  object space 90624K, 56% used [0x00000000c3600000,0x00000000c67b4fa0,0x00000000c8e80000)
 Metaspace       used 13999K, capacity 14201K, committed 14336K, reserved 1062912K
  class space    used 1452K, capacity 1518K, committed 1536K, reserved 1048576K
}
Event: 363.843 GC heap before
{Heap before GC invocations=557 (full 1):
 PSYoungGen      total 19968K, used 19584K [0x00000000ebd00000, 0x00000000f7e80000, 0x0000000100000000)
  eden space 19456K, 100% used [0x00000000ebd00000,0x00000000ed000000,0x00000000ed000000)
  from space 512K, 25% used [0x00000000f7d80000,0x00000000f7da0000,0x00000000f7e00000)
  to   space 512K, 0% used [0x00000000f7e00000,0x00000000f7e00000,0x00000000f7e80000)
 ParOldGen       total 90624K, used 50899K [0x00000000c3600000, 0x00000000c8e80000, 0x00000000ebd00000)
  object space 90624K, 56% used [0x00000000c3600000,0x00000000c67b4fa0,0x00000000c8e80000)
 Metaspace       used 13999K, capacity 14201K, committed 14336K, reserved 1062912K
  class space    used 1452K, capacity 1518K, committed 1536K, reserved 1048576K
Event: 363.845 GC heap after
Heap after GC invocations=557 (full 1):
 PSYoungGen      total 19968K, used 64K [0x00000000ebd00000, 0x00000000f7e80000, 0x0000000100000000)
  eden space 19456K, 0% used [0x00000000ebd00000,0x00000000ebd00000,0x00000000ed000000)
  from space 512K, 12% used [0x00000000f7e00000,0x00000000f7e10000,0x00000000f7e80000)
  to   space 512K, 0% used [0x00000000f7d80000,0x00000000f7d80000,0x00000000f7e00000)
 ParOldGen       total 90624K, used 50899K [0x00000000c3600000, 0x00000000c8e80000, 0x00000000ebd00000)
  object space 90624K, 56% used [0x00000000c3600000,0x00000000c67b4fa0,0x00000000c8e80000)
 Metaspace       used 13999K, capacity 14201K, committed 14336K, reserved 1062912K
  class space    used 1452K, capacity 1518K, committed 1536K, reserved 1048576K
}
Event: 364.596 GC heap before
{Heap before GC invocations=558 (full 1):
 PSYoungGen      total 19968K, used 19520K [0x00000000ebd00000, 0x00000000f7e80000, 0x0000000100000000)
  eden space 19456K, 100% used [0x00000000ebd00000,0x00000000ed000000,0x00000000ed000000)
  from space 512K, 12% used [0x00000000f7e00000,0x00000000f7e10000,0x00000000f7e80000)
  to   space 512K, 0% used [0x00000000f7d80000,0x00000000f7d80000,0x00000000f7e00000)
 ParOldGen       total 90624K, used 50899K [0x00000000c3600000, 0x00000000c8e80000, 0x00000000ebd00000)
  object space 90624K, 56% used [0x00000000c3600000,0x00000000c67b4fa0,0x00000000c8e80000)
 Metaspace       used 13999K, capacity 14201K, committed 14336K, reserved 1062912K
  class space    used 1452K, capacity 1518K, committed 1536K, reserved 1048576K
Event: 364.598 GC heap after
Heap after GC invocations=558 (full 1):
 PSYoungGen      total 19968K, used 128K [0x00000000ebd00000, 0x00000000f7e80000, 0x0000000100000000)
  eden space 19456K, 0% used [0x00000000ebd00000,0x00000000ebd00000,0x00000000ed000000)
  from space 512K, 25% used [0x00000000f7d80000,0x00000000f7da0000,0x00000000f7e00000)
  to   space 512K, 0% used [0x00000000f7e00000,0x00000000f7e00000,0x00000000f7e80000)
 ParOldGen       total 90624K, used 50899K [0x00000000c3600000, 0x00000000c8e80000, 0x00000000ebd00000)
  object space 90624K, 56% used [0x00000000c3600000,0x00000000c67b4fa0,0x00000000c8e80000)
 Metaspace       used 13999K, capacity 14201K, committed 14336K, reserved 1062912K
  class space    used 1452K, capacity 1518K, committed 1536K, reserved 1048576K
}
Event: 365.119 GC heap before
{Heap before GC invocations=559 (full 1):
 PSYoungGen      total 19968K, used 19584K [0x00000000ebd00000, 0x00000000f7e80000, 0x0000000100000000)
  eden space 19456K, 100% used [0x00000000ebd00000,0x00000000ed000000,0x00000000ed000000)
  from space 512K, 25% used [0x00000000f7d80000,0x00000000f7da0000,0x00000000f7e00000)
  to   space 512K, 0% used [0x00000000f7e00000,0x00000000f7e00000,0x00000000f7e80000)
 ParOldGen       total 90624K, used 50899K [0x00000000c3600000, 0x00000000c8e80000, 0x00000000ebd00000)
  object space 90624K, 56% used [0x00000000c3600000,0x00000000c67b4fa0,0x00000000c8e80000)
 Metaspace       used 13999K, capacity 14201K, committed 14336K, reserved 1062912K
  class space    used 1452K, capacity 1518K, committed 1536K, reserved 1048576K
Event: 365.122 GC heap after
Heap after GC invocations=559 (full 1):
 PSYoungGen      total 19968K, used 64K [0x00000000ebd00000, 0x00000000f7e80000, 0x0000000100000000)
  eden space 19456K, 0% used [0x00000000ebd00000,0x00000000ebd00000,0x00000000ed000000)
  from space 512K, 12% used [0x00000000f7e00000,0x00000000f7e10000,0x00000000f7e80000)
  to   space 512K, 0% used [0x00000000f7d80000,0x00000000f7d80000,0x00000000f7e00000)
 ParOldGen       total 90624K, used 50899K [0x00000000c3600000, 0x00000000c8e80000, 0x00000000ebd00000)
  object space 90624K, 56% used [0x00000000c3600000,0x00000000c67b4fa0,0x00000000c8e80000)
 Metaspace       used 13999K, capacity 14201K, committed 14336K, reserved 1062912K
  class space    used 1452K, capacity 1518K, committed 1536K, reserved 1048576K
}

